Determining if the pthread_create exist failed with the following output:
Change Dir: /home/bojan/uuv_simulator_ws/build/CMakeFiles/CMakeTmp

Run Build Command:"/usr/bin/make" "cmTC_7688c/fast"
/usr/bin/make -f CMakeFiles/cmTC_7688c.dir/build.make CMakeFiles/cmTC_7688c.dir/build
make[1]: Entering directory '/home/bojan/uuv_simulator_ws/build/CMakeFiles/CMakeTmp'
Building C object CMakeFiles/cmTC_7688c.dir/CheckSymbolExists.c.o
/usr/bin/cc    -o CMakeFiles/cmTC_7688c.dir/CheckSymbolExists.c.o   -c /home/bojan/uuv_simulator_ws/build/CMakeFiles/CMakeTmp/CheckSymbolExists.c
Linking C executable cmTC_7688c
/usr/bin/cmake -E cmake_link_script CMakeFiles/cmTC_7688c.dir/link.txt --verbose=1
/usr/bin/cc      -rdynamic CMakeFiles/cmTC_7688c.dir/CheckSymbolExists.c.o  -o cmTC_7688c 
CMakeFiles/cmTC_7688c.dir/CheckSymbolExists.c.o: In function `main':
CheckSymbolExists.c:(.text+0x1b): undefined reference to `pthread_create'
collect2: error: ld returned 1 exit status
CMakeFiles/cmTC_7688c.dir/build.make:97: recipe for target 'cmTC_7688c' failed
make[1]: *** [cmTC_7688c] Error 1
make[1]: Leaving directory '/home/bojan/uuv_simulator_ws/build/CMakeFiles/CMakeTmp'
Makefile:126: recipe for target 'cmTC_7688c/fast' failed
make: *** [cmTC_7688c/fast] Error 2

File /home/bojan/uuv_simulator_ws/build/CMakeFiles/CMakeTmp/CheckSymbolExists.c:
/* */
#include <pthread.h>

int main(int argc, char** argv)
{
  (void)argv;
#ifndef pthread_create
  return ((int*)(&pthread_create))[argc];
#else
  (void)argc;
  return 0;
#endif
}

Determining if the function pthread_create exists in the pthreads failed with the following output:
Change Dir: /home/bojan/uuv_simulator_ws/build/CMakeFiles/CMakeTmp

Run Build Command:"/usr/bin/make" "cmTC_4228c/fast"
/usr/bin/make -f CMakeFiles/cmTC_4228c.dir/build.make CMakeFiles/cmTC_4228c.dir/build
make[1]: Entering directory '/home/bojan/uuv_simulator_ws/build/CMakeFiles/CMakeTmp'
Building C object CMakeFiles/cmTC_4228c.dir/CheckFunctionExists.c.o
/usr/bin/cc   -DCHECK_FUNCTION_EXISTS=pthread_create   -o CMakeFiles/cmTC_4228c.dir/CheckFunctionExists.c.o   -c /usr/share/cmake-3.10/Modules/CheckFunctionExists.c
Linking C executable cmTC_4228c
/usr/bin/cmake -E cmake_link_script CMakeFiles/cmTC_4228c.dir/link.txt --verbose=1
/usr/bin/cc  -DCHECK_FUNCTION_EXISTS=pthread_create    -rdynamic CMakeFiles/cmTC_4228c.dir/CheckFunctionExists.c.o  -o cmTC_4228c -lpthreads 
/usr/bin/ld: cannot find -lpthreads
collect2: error: ld returned 1 exit status
CMakeFiles/cmTC_4228c.dir/build.make:97: recipe for target 'cmTC_4228c' failed
make[1]: *** [cmTC_4228c] Error 1
make[1]: Leaving directory '/home/bojan/uuv_simulator_ws/build/CMakeFiles/CMakeTmp'
Makefile:126: recipe for target 'cmTC_4228c/fast' failed
make: *** [cmTC_4228c/fast] Error 2


